#
# A fatal error has been detected by the Java Runtime Environment:
#
#  EXCEPTION_ACCESS_VIOLATION (0xc0000005) at pc=0xffffffffffffffff, pid=123776, tid=123344
#
# JRE version: 7.0_25-b17
# Java VM: Java HotSpot(TM) 64-Bit Server VM (23.25-b01 mixed mode windows-amd64 compressed oops)
# Problematic frame:
# C  0xffffffffffffffff
#
# Failed to write core dump. Minidumps are not enabled by default on client versions of Windows
#
# If you would like to submit a bug report, please visit:
#   http://bugreport.sun.com/bugreport/crash.jsp
#

---------------  T H R E A D  ---------------

Current thread (0x000000000bf28000):  VMThread [stack: 0x000000000db10000,0x000000000dc10000] [id=123344]

siginfo: ExceptionCode=0xc0000005, ExceptionInformation=0x0000000000000008 0xffffffffffffffff

Registers:
RAX=0x000007fedb5e003e, RBX=0x000000000e8c8b40, RCX=0x000000000f52cfd0, RDX=0x0000000000000000
RSP=0x000000000dc0f6c8, RBP=0x0000000002351700, RSI=0x000007fedb864ef0, RDI=0x000000000e8c8b40
R8 =0x0000000000000001, R9 =0x000000000000007a, R10=0x000000000000003d, R11=0x0000000000000003
R12=0x0000000000000001, R13=0x000000000f52f5d0, R14=0x000000000f52f360, R15=0x0000000000000000
RIP=0xffffffffffffffff, EFLAGS=0x0000000000010246

Top of Stack: (sp=0x000000000dc0f6c8)
0x000000000dc0f6c8:   000007fedb2a3007 000000000e8c8b40
0x000000000dc0f6d8:   0000000002351700 000007fedb864ef0
0x000000000dc0f6e8:   00000000774a3c2a 000007fedb864e58
0x000000000dc0f6f8:   000007fedb596070 000000000e8c8b40
0x000000000dc0f708:   000000000f52f360 0000000000000000
0x000000000dc0f718:   000000009e299068 000000000f52f4b0
0x000000000dc0f728:   000007fedb4e47e5 000007fedb596040
0x000000000dc0f738:   000000000f52f360 009bf133b8000000
0x000000000dc0f748:   0000000005d88af3 000000000f52f4b0
0x000000000dc0f758:   000000000f52f360 000000000f52f360
0x000000000dc0f768:   000000000f52f5d0 00000000775a2670
0x000000000dc0f778:   00000000775a7be0 000007fffffa4000
0x000000000dc0f788:   000007fedb010000 0000000000000001
0x000000000dc0f798:   000007fedb4d78b6 0000000000000001
0x000000000dc0f7a8:   0000000000000001 0000000000000001
0x000000000dc0f7b8:   0000000000000000 0000000000000000 

Instructions: (pc=0xffffffffffffffff)
0xffffffffffffffdf:   


Register to memory mapping:

RAX=0x000007fedb5e003e is an unknown value
RBX=0x000000000e8c8b40 is an unknown value
RCX=0x000000000f52cfd0 is an unknown value
RDX=0x0000000000000000 is an unknown value
RSP=0x000000000dc0f6c8 is an unknown value
RBP=0x0000000002351700 is an unknown value
RSI=0x000007fedb864ef0 is an unknown value
RDI=0x000000000e8c8b40 is an unknown value
R8 =0x0000000000000001 is an unknown value
R9 =0x000000000000007a is an unknown value
R10=0x000000000000003d is an unknown value
R11=0x0000000000000003 is an unknown value
R12=0x0000000000000001 is an unknown value
R13=0x000000000f52f5d0 is an unknown value
R14=0x000000000f52f360 is an unknown value
R15=0x0000000000000000 is an unknown value


Stack: [0x000000000db10000,0x000000000dc10000],  sp=0x000000000dc0f6c8,  free space=1021k
Native frames: (J=compiled Java code, j=interpreted, Vv=VM code, C=native code)
C  0xffffffffffffffff

VM_Operation (0x0000000018e3d830): Exit, mode: safepoint, requested by thread 0x000000001318b800


---------------  P R O C E S S  ---------------

Java Threads: ( => current thread )
  0x00000000023dd000 JavaThread "DestroyJavaVM" [_thread_blocked, id=125420, stack(0x00000000024f0000,0x00000000025f0000)]
  0x000000001318b800 JavaThread "AWT-EventQueue-0" [_thread_blocked, id=125940, stack(0x0000000018d40000,0x0000000018e40000)]
  0x0000000012dfa000 JavaThread "AWT-Shutdown" [_thread_blocked, id=125816, stack(0x0000000018b60000,0x0000000018c60000)]
  0x000000000e001800 JavaThread "Java2D Disposer" daemon [_thread_blocked, id=123580, stack(0x00000000150a0000,0x00000000151a0000)]
  0x000000000de20800 JavaThread "Service Thread" daemon [_thread_blocked, id=124860, stack(0x000000000e760000,0x000000000e860000)]
  0x000000000de1c000 JavaThread "C2 CompilerThread1" daemon [_thread_blocked, id=87868, stack(0x000000000e450000,0x000000000e550000)]
  0x000000000de0e800 JavaThread "C2 CompilerThread0" daemon [_thread_blocked, id=122756, stack(0x000000000e240000,0x000000000e340000)]
  0x000000000de0d800 JavaThread "Attach Listener" daemon [_thread_blocked, id=115800, stack(0x000000000e580000,0x000000000e680000)]
  0x000000000de0c800 JavaThread "Signal Dispatcher" daemon [_thread_blocked, id=125464, stack(0x000000000e350000,0x000000000e450000)]
  0x000000000bf38000 JavaThread "Finalizer" daemon [_thread_in_native, id=124904, stack(0x000000000dcc0000,0x000000000ddc0000)]
  0x000000000bf2f800 JavaThread "Reference Handler" daemon [_thread_blocked, id=124516, stack(0x000000000da00000,0x000000000db00000)]

Other Threads:
=>0x000000000bf28000 VMThread [stack: 0x000000000db10000,0x000000000dc10000] [id=123344]

VM state:at safepoint (shutting down)

VM Mutex/Monitor currently owned by a thread:  ([mutex/lock_event])
[0x00000000023db480] Threads_lock - owner thread: 0x000000000bf28000

Heap
 PSYoungGen      total 37760K, used 3288K [0x00000007d5d60000, 0x00000007d8780000, 0x0000000800000000)
  eden space 32384K, 2% used [0x00000007d5d60000,0x00000007d5e03928,0x00000007d7d00000)
  from space 5376K, 48% used [0x00000007d8240000,0x00000007d84d2878,0x00000007d8780000)
  to   space 5376K, 0% used [0x00000007d7d00000,0x00000007d7d00000,0x00000007d8240000)
 ParOldGen       total 86400K, used 16K [0x0000000781800000, 0x0000000786c60000, 0x00000007d5d60000)
  object space 86400K, 0% used [0x0000000781800000,0x0000000781804000,0x0000000786c60000)
 PSPermGen       total 21248K, used 10263K [0x000000077c600000, 0x000000077dac0000, 0x0000000781800000)
  object space 21248K, 48% used [0x000000077c600000,0x000000077d005e90,0x000000077dac0000)

Card table byte_map: [0x00000000056b0000,0x0000000005ad0000] byte_map_base: 0x0000000001acd000

Polling page: 0x0000000001c60000

Code Cache  [0x00000000025f0000, 0x0000000002860000, 0x00000000055f0000)
 total_blobs=722 nmethods=61 adapters=613 free_code_cache=48360Kb largest_free_block=49490752

Compilation events (10 events):
Event: 5.448 Thread 0x000000000de0e800   50             sun.awt.image.SunWritableRaster::markDirty (8 bytes)
Event: 5.448 Thread 0x000000000de1c000   51             sun.awt.image.ByteInterleavedRaster::setDataElements (18 bytes)
Event: 5.448 Thread 0x000000000de0e800 nmethod 50 0x00000000026b39d0 code [0x00000000026b3b00, 0x00000000026b3b78]
Event: 5.448 Thread 0x000000000de0e800   52             sun.awt.image.ByteInterleavedRaster::getDataElements (18 bytes)
Event: 5.449 Thread 0x000000000de1c000 nmethod 51 0x00000000026b9fd0 code [0x00000000026ba120, 0x00000000026ba1e8]
Event: 5.450 Thread 0x000000000de0e800 nmethod 52 0x00000000026b9cd0 code [0x00000000026b9e20, 0x00000000026b9ee8]
Event: 5.513 Thread 0x000000000de1c000   53             java.awt.image.BufferedImage::getData (119 bytes)
Event: 5.518 Thread 0x000000000de1c000 nmethod 53 0x00000000026afa10 code [0x00000000026afb80, 0x00000000026afe88]
Event: 7.847 Thread 0x000000000de0e800   54             java.nio.Buffer::position (5 bytes)
Event: 7.848 Thread 0x000000000de0e800 nmethod 54 0x00000000026af810 code [0x00000000026af940, 0x00000000026af998]

GC Heap History (8 events):
Event: 3.310 GC heap before
{Heap before GC invocations=1 (full 0):
 PSYoungGen      total 37760K, used 32384K [0x00000007d5d60000, 0x00000007d8780000, 0x0000000800000000)
  eden space 32384K, 100% used [0x00000007d5d60000,0x00000007d7d00000,0x00000007d7d00000)
  from space 5376K, 0% used [0x00000007d8240000,0x00000007d8240000,0x00000007d8780000)
  to   space 5376K, 0% used [0x00000007d7d00000,0x00000007d7d00000,0x00000007d8240000)
 ParOldGen       total 86400K, used 0K [0x0000000781800000, 0x0000000786c60000, 0x00000007d5d60000)
  object space 86400K, 0% used [0x0000000781800000,0x0000000781800000,0x0000000786c60000)
 PSPermGen       total 21248K, used 10248K [0x000000077c600000, 0x000000077dac0000, 0x0000000781800000)
  object space 21248K, 48% used [0x000000077c600000,0x000000077d002010,0x000000077dac0000)
Event: 3.315 GC heap after
Heap after GC invocations=1 (full 0):
 PSYoungGen      total 37760K, used 4818K [0x00000007d5d60000, 0x00000007d8780000, 0x0000000800000000)
  eden space 32384K, 0% used [0x00000007d5d60000,0x00000007d5d60000,0x00000007d7d00000)
  from space 5376K, 89% used [0x00000007d7d00000,0x00000007d81b4848,0x00000007d8240000)
  to   space 5376K, 0% used [0x00000007d8240000,0x00000007d8240000,0x00000007d8780000)
 ParOldGen       total 86400K, used 8K [0x0000000781800000, 0x0000000786c60000, 0x00000007d5d60000)
  object space 86400K, 0% used [0x0000000781800000,0x0000000781802000,0x0000000786c60000)
 PSPermGen       total 21248K, used 10248K [0x000000077c600000, 0x000000077dac0000, 0x0000000781800000)
  object space 21248K, 48% used [0x000000077c600000,0x000000077d002010,0x000000077dac0000)
}
Event: 4.114 GC heap before
{Heap before GC invocations=2 (full 0):
 PSYoungGen      total 37760K, used 37202K [0x00000007d5d60000, 0x00000007d8780000, 0x0000000800000000)
  eden space 32384K, 100% used [0x00000007d5d60000,0x00000007d7d00000,0x00000007d7d00000)
  from space 5376K, 89% used [0x00000007d7d00000,0x00000007d81b4848,0x00000007d8240000)
  to   space 5376K, 0% used [0x00000007d8240000,0x00000007d8240000,0x00000007d8780000)
 ParOldGen       total 86400K, used 8K [0x0000000781800000, 0x0000000786c60000, 0x00000007d5d60000)
  object space 86400K, 0% used [0x0000000781800000,0x0000000781802000,0x0000000786c60000)
 PSPermGen       total 21248K, used 10250K [0x000000077c600000, 0x000000077dac0000, 0x0000000781800000)
  object space 21248K, 48% used [0x000000077c600000,0x000000077d002a00,0x000000077dac0000)
Event: 4.117 GC heap after
Heap after GC invocations=2 (full 0):
 PSYoungGen      total 37760K, used 3952K [0x00000007d5d60000, 0x00000007d8780000, 0x0000000800000000)
  eden space 32384K, 0% used [0x00000007d5d60000,0x00000007d5d60000,0x00000007d7d00000)
  from space 5376K, 73% used [0x00000007d8240000,0x00000007d861c0f8,0x00000007d8780000)
  to   space 5376K, 0% used [0x00000007d7d00000,0x00000007d7d00000,0x00000007d8240000)
 ParOldGen       total 86400K, used 8K [0x0000000781800000, 0x0000000786c60000, 0x00000007d5d60000)
  object space 86400K, 0% used [0x0000000781800000,0x0000000781802000,0x0000000786c60000)
 PSPermGen       total 21248K, used 10250K [0x000000077c600000, 0x000000077dac0000, 0x0000000781800000)
  object space 21248K, 48% used [0x000000077c600000,0x000000077d002a00,0x000000077dac0000)
}
Event: 5.016 GC heap before
{Heap before GC invocations=3 (full 0):
 PSYoungGen      total 37760K, used 36336K [0x00000007d5d60000, 0x00000007d8780000, 0x0000000800000000)
  eden space 32384K, 100% used [0x00000007d5d60000,0x00000007d7d00000,0x00000007d7d00000)
  from space 5376K, 73% used [0x00000007d8240000,0x00000007d861c0f8,0x00000007d8780000)
  to   space 5376K, 0% used [0x00000007d7d00000,0x00000007d7d00000,0x00000007d8240000)
 ParOldGen       total 86400K, used 8K [0x0000000781800000, 0x0000000786c60000, 0x00000007d5d60000)
  object space 86400K, 0% used [0x0000000781800000,0x0000000781802000,0x0000000786c60000)
 PSPermGen       total 21248K, used 10263K [0x000000077c600000, 0x000000077dac0000, 0x0000000781800000)
  object space 21248K, 48% used [0x000000077c600000,0x000000077d005de8,0x000000077dac0000)
Event: 5.019 GC heap after
Heap after GC invocations=3 (full 0):
 PSYoungGen      total 37760K, used 5135K [0x00000007d5d60000, 0x00000007d8780000, 0x0000000800000000)
  eden space 32384K, 0% used [0x00000007d5d60000,0x00000007d5d60000,0x00000007d7d00000)
  from space 5376K, 95% used [0x00000007d7d00000,0x00000007d8203d88,0x00000007d8240000)
  to   space 5376K, 0% used [0x00000007d8240000,0x00000007d8240000,0x00000007d8780000)
 ParOldGen       total 86400K, used 16K [0x0000000781800000, 0x0000000786c60000, 0x00000007d5d60000)
  object space 86400K, 0% used [0x0000000781800000,0x0000000781804000,0x0000000786c60000)
 PSPermGen       total 21248K, used 10263K [0x000000077c600000, 0x000000077dac0000, 0x0000000781800000)
  object space 21248K, 48% used [0x000000077c600000,0x000000077d005de8,0x000000077dac0000)
}
Event: 18.340 GC heap before
{Heap before GC invocations=4 (full 0):
 PSYoungGen      total 37760K, used 37519K [0x00000007d5d60000, 0x00000007d8780000, 0x0000000800000000)
  eden space 32384K, 100% used [0x00000007d5d60000,0x00000007d7d00000,0x00000007d7d00000)
  from space 5376K, 95% used [0x00000007d7d00000,0x00000007d8203d88,0x00000007d8240000)
  to   space 5376K, 0% used [0x00000007d8240000,0x00000007d8240000,0x00000007d8780000)
 ParOldGen       total 86400K, used 16K [0x0000000781800000, 0x0000000786c60000, 0x00000007d5d60000)
  object space 86400K, 0% used [0x0000000781800000,0x0000000781804000,0x0000000786c60000)
 PSPermGen       total 21248K, used 10263K [0x000000077c600000, 0x000000077dac0000, 0x0000000781800000)
  object space 21248K, 48% used [0x000000077c600000,0x000000077d005e90,0x000000077dac0000)
Event: 18.345 GC heap after
Heap after GC invocations=4 (full 0):
 PSYoungGen      total 37760K, used 2634K [0x00000007d5d60000, 0x00000007d8780000, 0x0000000800000000)
  eden space 32384K, 0% used [0x00000007d5d60000,0x00000007d5d60000,0x00000007d7d00000)
  from space 5376K, 48% used [0x00000007d8240000,0x00000007d84d2878,0x00000007d8780000)
  to   space 5376K, 0% used [0x00000007d7d00000,0x00000007d7d00000,0x00000007d8240000)
 ParOldGen       total 86400K, used 16K [0x0000000781800000, 0x0000000786c60000, 0x00000007d5d60000)
  object space 86400K, 0% used [0x0000000781800000,0x0000000781804000,0x0000000786c60000)
 PSPermGen       total 21248K, used 10263K [0x000000077c600000, 0x000000077dac0000, 0x0000000781800000)
  object space 21248K, 48% used [0x000000077c600000,0x000000077d005e90,0x000000077dac0000)
}

Deoptimization events (3 events):
Event: 1.809 Thread 0x00000000023dd000 Uncommon trap -83 fr.pc 0x0000000002687cf0
Event: 2.633 Thread 0x00000000023dd000 Uncommon trap -12 fr.pc 0x000000000266fd84
Event: 2.777 Thread 0x000000001318b800 Uncommon trap -83 fr.pc 0x00000000026a4858

Internal exceptions (10 events):
Event: 2.555 Thread 0x00000000023dd000 Threw 0x00000007d63e1960 at C:\jdk7u2_64p\jdk7u25\hotspot\src\share\vm\prims\jvm.cpp:1235
Event: 2.555 Thread 0x00000000023dd000 Threw 0x00000007d63e7b08 at C:\jdk7u2_64p\jdk7u25\hotspot\src\share\vm\prims\jvm.cpp:1235
Event: 2.633 Thread 0x00000000023dd000 Implicit null exception at 0x000000000266fb9b to 0x000000000266fd75
Event: 2.638 Thread 0x00000000023dd000 Threw 0x00000007d65c8ec0 at C:\jdk7u2_64p\jdk7u25\hotspot\src\share\vm\prims\jvm.cpp:1235
Event: 2.638 Thread 0x00000000023dd000 Threw 0x00000007d65ca9e8 at C:\jdk7u2_64p\jdk7u25\hotspot\src\share\vm\prims\jvm.cpp:1235
Event: 2.639 Thread 0x00000000023dd000 Threw 0x00000007d65cf828 at C:\jdk7u2_64p\jdk7u25\hotspot\src\share\vm\prims\jvm.cpp:1235
Event: 2.639 Thread 0x00000000023dd000 Threw 0x00000007d65d1350 at C:\jdk7u2_64p\jdk7u25\hotspot\src\share\vm\prims\jvm.cpp:1235
Event: 2.775 Thread 0x00000000023dd000 Threw 0x00000007d69db748 at C:\jdk7u2_64p\jdk7u25\hotspot\src\share\vm\prims\jvm.cpp:1235
Event: 2.775 Thread 0x00000000023dd000 Threw 0x00000007d69dd880 at C:\jdk7u2_64p\jdk7u25\hotspot\src\share\vm\prims\jvm.cpp:1235
Event: 2.776 Thread 0x00000000023dd000 Threw 0x00000007d69e0f28 at C:\jdk7u2_64p\jdk7u25\hotspot\src\share\vm\prims\jvm.cpp:1235

Events (10 events):
Event: 18.339 Thread 0x000000001915b800 Thread exited: 0x000000001915b800
Event: 18.339 Thread 0x000000000e06f800 Thread exited: 0x000000000e06f800
Event: 18.339 Thread 0x0000000013502000 Thread exited: 0x0000000013502000
Event: 18.340 Executing VM operation: ParallelGCFailedAllocation
Event: 18.345 Executing VM operation: ParallelGCFailedAllocation done
Event: 18.346 Executing VM operation: RevokeBias
Event: 18.346 Executing VM operation: RevokeBias done
Event: 18.355 Thread 0x000000000e131000 Thread exited: 0x000000000e131000
Event: 18.446 Thread 0x000000001915c800 Thread exited: 0x000000001915c800
Event: 18.446 Executing VM operation: Exit


Dynamic libraries:
0x000000013fae0000 - 0x000000013fb13000 	C:\Program Files\Java\jdk1.7.0_25\bin\javaw.exe
0x0000000077470000 - 0x0000000077619000 	C:\Windows\SYSTEM32\ntdll.dll
0x0000000077350000 - 0x000000007746f000 	C:\Windows\system32\kernel32.dll
0x000007fefd5d0000 - 0x000007fefd63b000 	C:\Windows\system32\KERNELBASE.dll
0x000007fefe530000 - 0x000007fefe60b000 	C:\Windows\system32\ADVAPI32.dll
0x000007fefd960000 - 0x000007fefd9ff000 	C:\Windows\system32\msvcrt.dll
0x000007fefda00000 - 0x000007fefda1f000 	C:\Windows\SYSTEM32\sechost.dll
0x000007fefdb30000 - 0x000007fefdc5d000 	C:\Windows\system32\RPCRT4.dll
0x0000000077250000 - 0x000000007734a000 	C:\Windows\system32\USER32.dll
0x000007fefe1c0000 - 0x000007fefe227000 	C:\Windows\system32\GDI32.dll
0x000007fefe610000 - 0x000007fefe61e000 	C:\Windows\system32\LPK.dll
0x000007fefd650000 - 0x000007fefd719000 	C:\Windows\system32\USP10.dll
0x000007fefc240000 - 0x000007fefc434000 	C:\Windows\WinSxS\amd64_microsoft.windows.common-controls_6595b64144ccf1df_6.0.7601.17514_none_fa396087175ac9ac\COMCTL32.dll
0x000007fefdd20000 - 0x000007fefdd91000 	C:\Windows\system32\SHLWAPI.dll
0x000007fefdcc0000 - 0x000007fefdcee000 	C:\Windows\system32\IMM32.DLL
0x000007fefda20000 - 0x000007fefdb29000 	C:\Windows\system32\MSCTF.dll
0x000007fefd1d0000 - 0x000007fefd211000 	C:\Windows\system32\nvinitx.dll
0x000000000f000000 - 0x000000000f006000 	C:\Program Files\NVIDIA Corporation\CoProcManager\_etoured.dll
0x000007fef9960000 - 0x000007fef99b6000 	C:\Program Files\NVIDIA Corporation\CoProcManager\nvd3d9wrapx.dll
0x000007fefdda0000 - 0x000007fefdf77000 	C:\Windows\system32\SETUPAPI.dll
0x000007fefd490000 - 0x000007fefd4c6000 	C:\Windows\system32\CFGMGR32.dll
0x000007fefd720000 - 0x000007fefd7f7000 	C:\Windows\system32\OLEAUT32.dll
0x000007fefe280000 - 0x000007fefe483000 	C:\Windows\system32\ole32.dll
0x000007fefd2f0000 - 0x000007fefd30a000 	C:\Windows\system32\DEVOBJ.dll
0x000007fef9920000 - 0x000007fef995d000 	C:\Program Files\NVIDIA Corporation\CoProcManager\nvdxgiwrapx.dll
0x000000006ed70000 - 0x000000006ee41000 	C:\Program Files\Java\jdk1.7.0_25\jre\bin\msvcr100.dll
0x0000000068cb0000 - 0x00000000693bf000 	C:\Program Files\Java\jdk1.7.0_25\jre\bin\server\jvm.dll
0x000007fef6000000 - 0x000007fef6009000 	C:\Windows\system32\WSOCK32.dll
0x000007fefe230000 - 0x000007fefe27d000 	C:\Windows\system32\WS2_32.dll
0x000007fefdcf0000 - 0x000007fefdcf8000 	C:\Windows\system32\NSI.dll
0x000007fefb1a0000 - 0x000007fefb1db000 	C:\Windows\system32\WINMM.dll
0x0000000077630000 - 0x0000000077637000 	C:\Windows\system32\PSAPI.DLL
0x00000000749c0000 - 0x00000000749cf000 	C:\Program Files\Java\jdk1.7.0_25\jre\bin\verify.dll
0x0000000074990000 - 0x00000000749b8000 	C:\Program Files\Java\jdk1.7.0_25\jre\bin\java.dll
0x0000000074970000 - 0x0000000074985000 	C:\Program Files\Java\jdk1.7.0_25\jre\bin\zip.dll
0x000000006a000000 - 0x000000006a025000 	C:\Users\Matthew\.jssc\windows\jSSC-2.6_x86_64.dll
0x000007fedb010000 - 0x000007fedb8b8000 	C:\opencv\build\java\x64\opencv_java248.dll
0x000007fef58a0000 - 0x000007fef58bf000 	C:\Windows\system32\AVIFIL32.dll
0x000007fefaf00000 - 0x000007fefaf18000 	C:\Windows\system32\MSACM32.dll
0x000007fef5570000 - 0x000007fef5599000 	C:\Windows\system32\MSVFW32.dll
0x000007fefe8d0000 - 0x000007feff658000 	C:\Windows\system32\SHELL32.dll
0x000007fef5520000 - 0x000007fef5537000 	C:\Windows\system32\AVICAP32.dll
0x000007fefbf80000 - 0x000007fefbf8c000 	C:\Windows\system32\VERSION.dll
0x0000000180000000 - 0x0000000180050000 	C:\Users\Matthew\Documents\School\6.146 MASLAB\maslab\lwjgl-2.9.0\native\windows\lwjgl64.dll
0x000007fee1840000 - 0x000007fee195d000 	C:\Windows\system32\OPENGL32.dll
0x000007fef5360000 - 0x000007fef538d000 	C:\Windows\system32\GLU32.dll
0x000007fee7d30000 - 0x000007fee7e21000 	C:\Windows\system32\DDRAW.dll
0x000007fef88e0000 - 0x000007fef88e8000 	C:\Windows\system32\DCIMAN32.dll
0x000007fefb4a0000 - 0x000007fefb4b8000 	C:\Windows\system32\dwmapi.dll
0x000007fefb780000 - 0x000007fefb7d6000 	C:\Windows\system32\uxtheme.dll
0x00000000023e0000 - 0x0000000002434000 	C:\Program Files (x86)\Lenovo\Onekey Theater\ActiveDetect64.dll
0x0000000005d80000 - 0x0000000005dab000 	C:\Program Files (x86)\Lenovo\Onekey Theater\WindowsApiHookDll64.dll
0x000007fef4830000 - 0x000007fef4838000 	c:\PROGRA~2\mcafee\SITEAD~1\x64\saHook.dll
0x000000000fdb0000 - 0x0000000010e2c000 	C:\Windows\system32\ig7icd64.dll
0x000007feeff00000 - 0x000007feeff3f000 	C:\Program Files\Lenovo\Bluetooth Software\btmmhook.dll
0x000007fefd100000 - 0x000007fefd10f000 	C:\Windows\system32\CRYPTBASE.dll
0x000007fefe490000 - 0x000007fefe529000 	C:\Windows\system32\CLBCatQ.DLL
0x000007fef99c0000 - 0x000007fef9a5c000 	C:\Windows\system32\mscms.dll
0x000007fefc170000 - 0x000007fefc18e000 	C:\Windows\system32\USERENV.dll
0x000007fefd220000 - 0x000007fefd22f000 	C:\Windows\system32\profapi.dll
0x000007fef9eb0000 - 0x000007fef9ef2000 	C:\Windows\system32\icm32.dll
0x000007fefab80000 - 0x000007fefab96000 	C:\Windows\system32\devenum.dll
0x000007fefb810000 - 0x000007fefb83d000 	C:\Windows\system32\ntmarta.dll
0x000007fefdc60000 - 0x000007fefdcb2000 	C:\Windows\system32\WLDAP32.dll
0x00000000064b0000 - 0x00000000064ea000 	C:\Windows\system32\WINTRUST.dll
0x000007fefd320000 - 0x000007fefd48c000 	C:\Windows\system32\CRYPT32.dll
0x000007fefd2c0000 - 0x000007fefd2cf000 	C:\Windows\system32\MSASN1.dll
0x000007fef9f50000 - 0x000007fef9f5d000 	C:\Windows\system32\msdmo.dll
0x000007fef5330000 - 0x000007fef535f000 	C:\Windows\system32\qcap.dll
0x000007fedf720000 - 0x000007fedf8d2000 	C:\Windows\system32\quartz.dll
0x000007fef5200000 - 0x000007fef5241000 	C:\Windows\system32\ksproxy.ax
0x0000000074f60000 - 0x0000000074f66000 	C:\Windows\system32\ksuser.dll
0x000007fefa960000 - 0x000007fefab5f000 	C:\Windows\system32\d3d9.dll
0x000007fefac60000 - 0x000007fefac67000 	C:\Windows\system32\d3d8thk.dll
0x000007fefaba0000 - 0x000007fefabab000 	C:\Windows\system32\vidcap.ax
0x000007fef5300000 - 0x000007fef5324000 	C:\Windows\system32\kswdmcap.ax
0x000007fedfb10000 - 0x000007fedfc6c000 	C:\Windows\system32\MFC42.dll
0x000007fef46b0000 - 0x000007fef4761000 	C:\Windows\system32\ODBC32.dll
0x00000000728b0000 - 0x00000000728e8000 	C:\Windows\system32\odbcint.dll
0x000007fef4e40000 - 0x000007fef4edb000 	C:\Windows\System32\qedit.dll
0x000007feff6e0000 - 0x000007feff777000 	C:\Windows\system32\COMDLG32.dll
0x000007fefb560000 - 0x000007fefb776000 	C:\Windows\WinSxS\amd64_microsoft.windows.gdiplus_6595b64144ccf1df_1.1.7601.18120_none_2b25b14c71ebf230\gdiplus.dll
0x000007fef8f50000 - 0x000007fef9069000 	C:\Windows\system32\nvumdshimx.dll
0x0000000014260000 - 0x0000000014a2a000 	C:\Windows\system32\igdumd64.dll
0x000007fef63f0000 - 0x000007fef63fb000 	C:\Windows\system32\msyuv.dll
0x0000000051e60000 - 0x0000000051ff5000 	C:\Program Files\Java\jdk1.7.0_25\jre\bin\awt.dll
0x0000000073230000 - 0x000000007326f000 	C:\Program Files\Java\jdk1.7.0_25\jre\bin\fontmanager.dll
0x00000000732d0000 - 0x00000000732e9000 	C:\Program Files\Java\jdk1.7.0_25\jre\bin\net.dll
0x000007fefca00000 - 0x000007fefca55000 	C:\Windows\system32\mswsock.dll
0x000007fefc9f0000 - 0x000007fefc9f7000 	C:\Windows\System32\wship6.dll
0x0000000074950000 - 0x0000000074961000 	C:\Program Files\Java\jdk1.7.0_25\jre\bin\nio.dll
0x000000006f070000 - 0x000000006f0b1000 	C:\Program Files\Java\jdk1.7.0_25\jre\bin\t2k.dll
0x000007fef4410000 - 0x000007fef4535000 	C:\Windows\system32\dbghelp.dll

VM Arguments:
jvm_args: -Djava.library.path=C:\opencv\build\java\x64;C:\Users\Matthew\Documents\School\6.146 MASLAB\maslab\lwjgl-2.9.0\native\windows;C:\Users\Matthew\Documents\School\6.146 MASLAB\maslab\lwjgl-2.9.0\native\windows -Dfile.encoding=Cp1252 
java_command: controller.ReactorAlignControl
Launcher Type: SUN_STANDARD

Environment Variables:
PATH=C:/Program Files/Java/jdk1.7.0_25/bin/../jre/bin/server;C:/Program Files/Java/jdk1.7.0_25/bin/../jre/bin;C:/Program Files/Java/jdk1.7.0_25/bin/../jre/lib/amd64;C:\Program Files (x86)\NVIDIA Corporation\PhysX\Common;C:\Program Files\Common Files\Microsoft Shared\Windows Live;C:\Program Files (x86)\Common Files\Microsoft Shared\Windows Live;C:\Program Files (x86)\Intel\iCLS Client\;C:\Program Files\Intel\iCLS Client\;C:\Windows\system32;C:\Windows;C:\Windows\System32\Wbem;C:\Windows\System32\WindowsPowerShell\v1.0\;C:\Program Files (x86)\Intel\OpenCL SDK\2.0\bin\x86;C:\Program Files (x86)\Intel\OpenCL SDK\2.0\bin\x64;C:\Program Files\Intel\Intel(R) Management Engine Components\DAL;C:\Program Files\Intel\Intel(R) Management Engine Components\IPT;C:\Program Files (x86)\Intel\Intel(R) Management Engine Components\DAL;C:\Program Files (x86)\Intel\Intel(R) Management Engine Components\IPT;C:\Program Files\Lenovo\Bluetooth Software\;C:\Program Files\Lenovo\Bluetooth Software\syswow64;C:\Program Files\Intel\WiFi\bin\;C:\Program Files\Common Files\Intel\WirelessCommon\;C:\Program Files (x86)\Windows Live\Shared;C:\Program Files (x86)\MiKTeX 2.9\miktex\bin\;C:\Program Files (x86)\PharosSystems\Core;C:\Python27;C:\Program Files\MATLAB\R2013a\runtime\win64;C:\Program Files\MATLAB\R2013a\bin;C:\Program Files\Java\jdk1.7.0_25\bin;C:\Program Files (x86)\Git\cmd;C:\Program Files\Eclipse;
USERNAME=Matthew
OS=Windows_NT
PROCESSOR_IDENTIFIER=Intel64 Family 6 Model 58 Stepping 9, GenuineIntel



---------------  S Y S T E M  ---------------

OS: Windows 7 , 64 bit Build 7601 Service Pack 1

CPU:total 8 (4 cores per cpu, 2 threads per core) family 6 model 58 stepping 9, cmov, cx8, fxsr, mmx, sse, sse2, sse3, ssse3, sse4.1, sse4.2, popcnt, avx, ht, tsc, tscinvbit, tscinv

Memory: 4k page, physical 8288620k(2946728k free), swap 17087376k(10306856k free)

vm_info: Java HotSpot(TM) 64-Bit Server VM (23.25-b01) for windows-amd64 JRE (1.7.0_25-b17), built on Jun 21 2013 12:58:32 by "java_re" with unknown MS VC++:1600

time: Thu Jan 30 10:26:10 2014
elapsed time: 18 seconds

